2025-05-23 19:20:00 | INFO | repo=eren | action=commit
2025-11-03 12:40:00 | DEBUG | repo=eren | action=commit
2025-05-25 20:11:00 | WARN | repo=eren | action=commit
2025-02-07 07:37:00 | DEBUG | repo=eren | action=commit
2025-10-11 13:48:00 | DEBUG | repo=eren | action=commit
2025-04-01 18:03:00 | INFO | repo=eren | action=commit
2025-12-11 08:32:00 | WARN | repo=eren | action=commit
2025-06-06 18:47:00 | WARN | repo=eren | action=commit
2025-02-27 18:20:00 | WARN | repo=eren | action=commit
2025-12-04 10:55:00 | WARN | repo=eren | action=pull
2025-12-26 15:09:00 | DEBUG | repo=eren | action=commit
2025-09-25 12:22:00 | DEBUG | repo=eren | action=commit
2025-01-13 16:52:00 | DEBUG | repo=eren | action=edit | files=1
2025-10-18 15:24:00 | WARN | repo=eren | action=commit
2025-10-25 07:14:00 | DEBUG | repo=eren | action=commit
2025-02-18 11:37:00 | WARN | repo=eren | action=edit | files=4
2025-12-27 08:03:00 | WARN | repo=eren | action=commit
2025-07-22 16:38:00 | INFO | repo=eren | action=commit
2025-09-03 07:27:00 | WARN | repo=eren | action=commit
2025-09-04 20:14:00 | DEBUG | repo=eren | action=test | passed=true
2025-07-23 09:09:00 | DEBUG | repo=eren | action=commit
2025-04-17 21:53:00 | WARN | repo=eren | action=commit
2025-11-13 11:49:00 | INFO | repo=eren | action=commit
2025-05-22 08:58:00 | WARN | repo=eren | action=commit
2025-12-21 11:37:00 | WARN | repo=eren | action=edit | files=3
2025-01-01 16:53:00 | INFO | repo=eren | action=commit
2025-02-18 21:36:00 | WARN | repo=eren | action=test | passed=true
2025-06-25 21:39:00 | INFO | repo=eren | action=pull
2025-03-19 15:14:00 | DEBUG | repo=eren | action=commit
2025-07-06 18:28:00 | WARN | repo=eren | action=commit
2025-06-06 19:44:00 | DEBUG | repo=eren | action=commit
2025-03-23 17:36:00 | WARN | repo=eren | action=commit
2025-01-21 21:27:00 | INFO | repo=eren | action=test | passed=true
2025-12-14 18:52:00 | WARN | repo=eren | action=pull
2025-01-23 16:22:00 | WARN | repo=eren | action=commit
2025-09-25 16:26:00 | WARN | repo=eren | action=pull
2025-08-21 10:09:00 | DEBUG | repo=eren | action=commit
2025-03-27 20:52:00 | INFO | repo=eren | action=commit
2025-04-15 08:50:00 | DEBUG | repo=eren | action=edit | files=2
2025-03-25 18:52:00 | INFO | repo=eren | action=test | passed=true
2025-12-17 19:33:00 | WARN | repo=eren | action=commit
2025-05-06 21:49:00 | WARN | repo=eren | action=commit
2025-11-18 09:42:00 | DEBUG | repo=eren | action=commit
2025-11-12 20:01:00 | INFO | repo=eren | action=commit
2025-03-17 07:26:00 | WARN | repo=eren | action=commit
2025-05-25 20:58:00 | DEBUG | repo=eren | action=commit
2025-06-28 08:13:00 | INFO | repo=eren | action=commit
2025-03-05 09:00:00 | WARN | repo=eren | action=commit
2025-01-02 19:08:00 | DEBUG | repo=eren | action=edit | files=2
2025-02-18 09:17:00 | WARN | repo=eren | action=commit
2025-02-12 10:47:00 | INFO | repo=eren | action=pull
2025-04-01 08:56:00 | DEBUG | repo=eren | action=pull
2025-09-24 16:23:00 | DEBUG | repo=eren | action=test | passed=true
2025-09-01 11:27:00 | WARN | repo=eren | action=test | passed=true
2025-05-12 20:08:00 | DEBUG | repo=eren | action=commit
2025-08-27 18:15:00 | DEBUG | repo=eren | action=edit | files=3
2025-02-21 13:00:00 | WARN | repo=eren | action=commit
2025-07-16 09:44:00 | DEBUG | repo=eren | action=commit
2025-09-27 20:51:00 | WARN | repo=eren | action=commit
2025-01-13 15:48:00 | DEBUG | repo=eren | action=edit | files=3
2025-02-14 13:29:00 | DEBUG | repo=eren | action=commit
2025-01-12 12:01:00 | DEBUG | repo=eren | action=commit
2025-11-24 16:32:00 | WARN | repo=eren | action=test | passed=true
2025-06-15 07:52:00 | WARN | repo=eren | action=pull
2025-05-18 07:53:00 | DEBUG | repo=eren | action=pull
2025-11-09 19:16:00 | DEBUG | repo=eren | action=commit
2025-08-15 20:02:00 | WARN | repo=eren | action=commit
2025-11-23 11:00:00 | INFO | repo=eren | action=commit
2025-03-27 07:59:00 | DEBUG | repo=eren | action=commit
2025-02-19 07:31:00 | WARN | repo=eren | action=commit
2025-08-17 16:23:00 | INFO | repo=eren | action=commit
2025-09-10 20:28:00 | INFO | repo=eren | action=commit
2025-12-13 17:55:00 | DEBUG | repo=eren | action=edit | files=4
2025-04-19 18:55:00 | INFO | repo=eren | action=commit
2025-05-21 17:55:00 | INFO | repo=eren | action=test | passed=true
2025-11-20 20:31:00 | INFO | repo=eren | action=commit
2025-04-16 19:57:00 | WARN | repo=eren | action=commit
2025-08-05 18:03:00 | INFO | repo=eren | action=commit
2025-08-26 11:37:00 | INFO | repo=eren | action=commit
2025-12-15 08:59:00 | INFO | repo=eren | action=commit
2025-08-28 18:19:00 | WARN | repo=eren | action=commit
2025-04-13 21:30:00 | DEBUG | repo=eren | action=commit
2025-12-14 10:58:00 | INFO | repo=eren | action=commit
2025-09-20 15:34:00 | DEBUG | repo=eren | action=commit
2025-01-17 11:11:00 | INFO | repo=eren | action=commit
2025-05-06 20:42:00 | INFO | repo=eren | action=edit | files=3
2025-02-06 21:46:00 | INFO | repo=eren | action=commit
2025-07-08 21:13:00 | WARN | repo=eren | action=commit
2025-05-20 15:39:00 | DEBUG | repo=eren | action=commit
2025-07-27 18:55:00 | INFO | repo=eren | action=pull
2025-04-09 09:25:00 | INFO | repo=eren | action=test | passed=true
2025-10-06 16:42:00 | WARN | repo=eren | action=commit
2025-02-08 13:51:00 | WARN | repo=eren | action=commit
2025-07-06 09:18:00 | DEBUG | repo=eren | action=commit
2025-05-06 15:01:00 | INFO | repo=eren | action=commit
2025-01-06 10:29:00 | DEBUG | repo=eren | action=commit
2025-03-14 11:36:00 | WARN | repo=eren | action=commit
2025-10-22 17:21:00 | INFO | repo=eren | action=test | passed=true
2025-07-24 09:48:00 | DEBUG | repo=eren | action=commit
2025-05-10 16:36:00 | WARN | repo=eren | action=commit
2025-05-10 08:09:00 | WARN | repo=eren | action=edit | files=2
2025-11-21 07:44:00 | INFO | repo=eren | action=test | passed=true
2025-04-19 09:01:00 | DEBUG | repo=eren | action=commit
2025-03-09 10:19:00 | INFO | repo=eren | action=commit
2025-03-21 17:00:00 | WARN | repo=eren | action=commit
2025-10-21 16:46:00 | DEBUG | repo=eren | action=commit
2025-03-01 21:28:00 | INFO | repo=eren | action=commit
2025-05-11 11:34:00 | DEBUG | repo=eren | action=test | passed=true
2026-09-27 21:11:00 | WARN | repo=eren | action=commit
2026-07-12 17:23:00 | WARN | repo=eren | action=commit
2026-01-08 17:37:00 | INFO | repo=eren | action=commit
2026-03-15 17:12:00 | WARN | repo=eren | action=test | passed=true
2026-08-12 13:34:00 | DEBUG | repo=eren | action=commit
2026-01-19 20:05:00 | INFO | repo=eren | action=commit
2026-09-03 08:41:00 | DEBUG | repo=eren | action=commit
2026-10-08 08:06:00 | DEBUG | repo=eren | action=commit
2026-03-11 19:53:00 | DEBUG | repo=eren | action=test | passed=true
2026-05-09 09:12:00 | INFO | repo=eren | action=commit
2026-10-08 21:52:00 | WARN | repo=eren | action=test | passed=true
2026-11-14 08:32:00 | DEBUG | repo=eren | action=commit
2026-01-27 21:39:00 | DEBUG | repo=eren | action=commit
2026-05-02 19:51:00 | DEBUG | repo=eren | action=commit
2025-11-16 17:40:00 | INFO | repo=eren | action=commit
2025-10-12 10:41:00 | DEBUG | repo=eren | action=commit
2025-04-08 21:12:00 | INFO | repo=eren | action=pull
2025-02-05 07:32:00 | DEBUG | repo=eren | action=commit
2025-02-09 07:05:00 | WARN | repo=eren | action=commit
2025-02-02 19:44:00 | DEBUG | repo=eren | action=commit
2025-04-06 19:33:00 | INFO | repo=eren | action=commit
2025-06-28 15:01:00 | WARN | repo=eren | action=test | passed=true
2025-02-25 10:40:00 | DEBUG | repo=eren | action=commit
2025-12-05 08:42:00 | DEBUG | repo=eren | action=commit
2025-04-22 11:42:00 | INFO | repo=eren | action=commit
2025-02-14 10:36:00 | WARN | repo=eren | action=commit
2025-06-08 11:06:00 | INFO | repo=eren | action=commit
2025-04-28 21:03:00 | DEBUG | repo=eren | action=commit
2025-08-25 11:26:00 | INFO | repo=eren | action=commit
2025-02-15 19:22:00 | INFO | repo=eren | action=commit
2025-05-14 09:26:00 | DEBUG | repo=eren | action=pull
2025-11-20 13:39:00 | DEBUG | repo=eren | action=commit
2025-10-08 16:54:00 | INFO | repo=eren | action=commit
2025-12-14 15:30:00 | INFO | repo=eren | action=commit
2025-01-27 20:50:00 | WARN | repo=eren | action=commit
2025-04-11 09:45:00 | WARN | repo=eren | action=edit | files=5
2025-04-27 19:07:00 | INFO | repo=eren | action=commit
2025-09-03 12:33:00 | WARN | repo=eren | action=pull
2025-07-08 07:00:00 | WARN | repo=eren | action=commit
2025-10-24 18:22:00 | DEBUG | repo=eren | action=pull
2025-10-24 16:18:00 | DEBUG | repo=eren | action=edit | files=4
2025-02-25 21:26:00 | DEBUG | repo=eren | action=pull
2025-11-21 18:37:00 | WARN | repo=eren | action=commit
2025-02-16 09:52:00 | DEBUG | repo=eren | action=commit
2025-06-09 09:37:00 | DEBUG | repo=eren | action=test | passed=true
2025-06-14 07:38:00 | INFO | repo=eren | action=commit
2025-10-27 17:30:00 | INFO | repo=eren | action=commit
2025-10-04 16:29:00 | DEBUG | repo=eren | action=commit
2025-04-20 12:10:00 | INFO | repo=eren | action=commit
2025-07-11 08:22:00 | WARN | repo=eren | action=commit
2025-05-28 16:34:00 | INFO | repo=eren | action=commit
2025-06-22 21:21:00 | INFO | repo=eren | action=commit
2025-10-02 18:09:00 | INFO | repo=eren | action=commit
2025-01-12 14:31:00 | WARN | repo=eren | action=test | passed=true
2025-07-02 10:42:00 | INFO | repo=eren | action=commit
2025-09-07 07:26:00 | INFO | repo=eren | action=commit
2025-07-10 14:45:00 | WARN | repo=eren | action=pull
2025-05-09 19:11:00 | DEBUG | repo=eren | action=commit
2025-07-11 20:38:00 | INFO | repo=eren | action=commit
2025-11-11 10:37:00 | WARN | repo=eren | action=commit
2025-01-24 07:43:00 | WARN | repo=eren | action=commit
2025-04-17 17:49:00 | DEBUG | repo=eren | action=commit
2025-11-02 08:53:00 | WARN | repo=eren | action=edit | files=4
2025-07-24 11:00:00 | WARN | repo=eren | action=test | passed=true
2025-02-10 18:10:00 | INFO | repo=eren | action=commit
2025-11-14 14:48:00 | INFO | repo=eren | action=commit
2025-11-27 12:35:00 | DEBUG | repo=eren | action=pull
2025-10-07 21:42:00 | INFO | repo=eren | action=commit
2025-12-07 08:58:00 | DEBUG | repo=eren | action=commit
2025-05-19 11:53:00 | DEBUG | repo=eren | action=commit
2025-09-18 21:56:00 | DEBUG | repo=eren | action=commit
2025-07-27 21:20:00 | INFO | repo=eren | action=commit
2025-07-18 20:15:00 | INFO | repo=eren | action=test | passed=true
2025-09-14 21:36:00 | WARN | repo=eren | action=commit
2025-10-26 18:00:00 | DEBUG | repo=eren | action=test | passed=true
2025-05-21 11:59:00 | WARN | repo=eren | action=commit
2025-02-17 18:09:00 | DEBUG | repo=eren | action=test | passed=true
2025-10-17 21:08:00 | WARN | repo=eren | action=commit
2025-01-04 20:35:00 | INFO | repo=eren | action=pull
2025-12-14 21:12:00 | DEBUG | repo=eren | action=commit
2025-01-24 07:27:00 | DEBUG | repo=eren | action=pull
2025-03-21 07:17:00 | INFO | repo=eren | action=commit
2025-09-26 11:17:00 | WARN | repo=eren | action=commit
2025-11-13 21:35:00 | DEBUG | repo=eren | action=commit
2025-07-09 18:08:00 | WARN | repo=eren | action=test | passed=true
2025-04-20 07:43:00 | INFO | repo=eren | action=commit
2025-09-21 07:29:00 | DEBUG | repo=eren | action=pull
2025-02-04 09:17:00 | WARN | repo=eren | action=test | passed=true
2025-06-06 21:14:00 | INFO | repo=eren | action=test | passed=true
2025-08-17 17:56:00 | INFO | repo=eren | action=commit
2025-01-04 10:41:00 | INFO | repo=eren | action=edit | files=3
2025-05-02 12:02:00 | INFO | repo=eren | action=commit
2025-01-17 07:11:00 | DEBUG | repo=eren | action=commit
2025-07-02 19:50:00 | DEBUG | repo=eren | action=pull
2025-10-27 10:06:00 | INFO | repo=eren | action=commit
2025-05-11 11:31:00 | INFO | repo=eren | action=commit
2025-11-17 07:07:00 | WARN | repo=eren | action=pull
2025-06-28 09:17:00 | INFO | repo=eren | action=edit | files=4
2025-08-11 07:04:00 | WARN | repo=eren | action=test | passed=true
2025-08-18 18:50:00 | INFO | repo=eren | action=commit
2025-03-20 13:30:00 | INFO | repo=eren | action=commit
2025-12-03T12:00:00 | nonce=13700804810123852134
2024-05-16T11:15:00 | nonce=15285353830870134981
2025-08-01T11:41:00 | nonce=3164555958287809309
2025-07-07T14:47:00 | nonce=6025317603939389225
2025-07-18T18:54:00 | nonce=7725618995915254945
2025-07-10T12:32:00 | nonce=14737602808597525286
2024-01-22T13:22:00 | nonce=14238387036209800747
2025-12-24T09:01:00 | nonce=487977824835547453
2025-02-05T14:03:00 | nonce=2110235266334970827
2024-07-25T11:13:00 | nonce=17242617329812271495
2024-07-01T10:32:00 | nonce=8651608971263242089
2025-09-24T18:13:00 | nonce=13106632625631108350
2025-10-20T14:17:00 | nonce=16502389736904037558
2025-10-28T13:40:00 | nonce=8930085764667694621
2024-06-25T19:31:00 | nonce=350293276825660230
2024-01-17T12:59:00 | nonce=3260128788145460526
2025-03-27T14:00:00 | nonce=13718207186348364908
2024-03-05T11:13:00 | nonce=8769841772590534383
2024-06-08T16:14:00 | nonce=13619670105411960301
2024-07-03T10:40:00 | nonce=2825653176598907328
2024-09-21T14:04:00 | nonce=3423549519094370095
2025-02-04T20:46:00 | nonce=14045215569097588430
2025-03-08T15:16:00 | nonce=14803843955207441465
2025-06-15T17:18:00 | nonce=10181783581278973247
2025-07-04T18:22:00 | nonce=14058673821706616043
2024-10-23T13:21:00 | nonce=5017682086343253070
2025-09-28T16:29:00 | nonce=8549254246950759788
2024-01-26T14:34:00 | nonce=1531512998338884709
2024-12-16T20:36:00 | nonce=13242548969430223775
2025-08-25T20:02:00 | nonce=16047357507543371443
2024-05-15T19:51:00 | nonce=17157249755599802623
2024-03-23T20:37:00 | nonce=15975460331248705934
2024-11-19T10:59:00 | nonce=9123585629524059791
2024-10-27T16:20:00 | nonce=12054533616468725181
2024-08-24T17:56:00 | nonce=15548913175119814656
2024-04-17T18:28:00 | nonce=7523017331737367542
2024-10-20T17:22:00 | nonce=9026034235139482140
2024-05-10T09:48:00 | nonce=16691394244549797351
2024-05-30T12:41:00 | nonce=12294530469047369464
2024-10-16T12:15:00 | nonce=8247769749093124584
2024-10-31T19:22:00 | nonce=13658215831127794518
2025-06-19T09:24:00 | nonce=10723280598001172615
2025-06-24T18:33:00 | nonce=11863757531978388562
2025-05-11T15:29:00 | nonce=11343264235493663130
2025-07-02T15:38:00 | nonce=4289649922930932413
2024-05-21T13:42:00 | nonce=182760342510633709
2025-01-02T17:22:00 | nonce=14722186802373658993
2025-03-13T17:15:00 | nonce=12955572644456293842
2025-07-01T20:24:00 | nonce=8526178935655669579
2025-02-12T19:26:00 | nonce=1236654049321558240
2024-01-07T16:21:00 | nonce=8761580100814227494
2024-03-31T10:08:00 | nonce=13329587980435630464
2024-06-16T13:53:00 | nonce=13611079156644907706
2024-07-08T16:37:00 | nonce=4613348179852710248
2024-07-18T17:36:00 | nonce=15412165598315269871
2024-10-25T10:26:00 | nonce=16026947082922866182
2024-12-14T19:22:00 | nonce=6992725870363570602
2025-03-09T18:47:00 | nonce=11223520172626976373
2025-04-04T17:57:00 | nonce=8279373784903999991
2025-06-08T20:58:00 | nonce=16815172276203874055
2025-11-03T16:56:00 | nonce=2849397871180519949
2025-02-25T20:06:00 | nonce=15150144382697258711
2024-12-01T14:37:00 | nonce=6922609857295362673
2024-01-22T09:47:00 | nonce=17059790694561218783
2025-09-20T17:12:00 | nonce=12616211883478357576
2025-08-04T20:58:00 | nonce=17401807152830770092
2025-10-09T17:35:00 | nonce=8648315540812586543
